<?xml version="1.0" encoding="UTF-8"?>
<coverage generated="1611539618999" clover="3.2.0">
  <project timestamp="1611539619000" name="All files">
    <metrics statements="38" coveredstatements="38" conditionals="14" coveredconditionals="14" methods="11" coveredmethods="11" elements="63" coveredelements="63" complexity="0" loc="38" ncloc="38" packages="1" files="1" classes="1"/>
    <file name="index.js" path="/home/jsaints-pulse/Development/validacaoCnpj/src/index.js">
      <metrics statements="38" coveredstatements="38" conditionals="14" coveredconditionals="14" methods="11" coveredmethods="11"/>
      <line num="1" count="1" type="stmt"/>
      <line num="2" count="15" type="stmt"/>
      <line num="5" count="1" type="stmt"/>
      <line num="6" count="12" type="cond" truecount="2" falsecount="0"/>
      <line num="9" count="1" type="stmt"/>
      <line num="10" count="13" type="stmt"/>
      <line num="11" count="13" type="cond" truecount="2" falsecount="0"/>
      <line num="14" count="1" type="stmt"/>
      <line num="15" count="161" type="stmt"/>
      <line num="16" count="13" type="stmt"/>
      <line num="17" count="13" type="stmt"/>
      <line num="19" count="161" type="stmt"/>
      <line num="21" count="13" type="stmt"/>
      <line num="24" count="1" type="stmt"/>
      <line num="25" count="16" type="stmt"/>
      <line num="26" count="96" type="stmt"/>
      <line num="27" count="8" type="stmt"/>
      <line num="28" count="8" type="stmt"/>
      <line num="30" count="8" type="cond" truecount="2" falsecount="0"/>
      <line num="32" count="5" type="stmt"/>
      <line num="33" count="5" type="stmt"/>
      <line num="34" count="5" type="stmt"/>
      <line num="36" count="5" type="stmt"/>
      <line num="39" count="1" type="stmt"/>
      <line num="40" count="8" type="stmt"/>
      <line num="41" count="8" type="stmt"/>
      <line num="42" count="8" type="stmt"/>
      <line num="44" count="8" type="stmt"/>
      <line num="46" count="8" type="stmt"/>
      <line num="49" count="1" type="stmt"/>
      <line num="50" count="17" type="cond" truecount="2" falsecount="0"/>
      <line num="51" count="16" type="cond" truecount="2" falsecount="0"/>
      <line num="53" count="15" type="stmt"/>
      <line num="55" count="15" type="cond" truecount="2" falsecount="0"/>
      <line num="56" count="12" type="cond" truecount="2" falsecount="0"/>
      <line num="58" count="8" type="stmt"/>
      <line num="60" count="8" type="stmt"/>
      <line num="63" count="1" type="stmt"/>
    </file>
  </project>
</coverage>
