{"/home/jsaints-pulse/Development/validacaoCnpj/src/index.js": {"path":"/home/jsaints-pulse/Development/validacaoCnpj/src/index.js","statementMap":{"0":{"start":{"line":1,"column":23},"end":{"line":3,"column":1}},"1":{"start":{"line":2,"column":2},"end":{"line":2,"column":41}},"2":{"start":{"line":5,"column":34},"end":{"line":7,"column":1}},"3":{"start":{"line":6,"column":2},"end":{"line":6,"column":50}},"4":{"start":{"line":9,"column":23},"end":{"line":12,"column":1}},"5":{"start":{"line":10,"column":16},"end":{"line":10,"column":29}},"6":{"start":{"line":11,"column":2},"end":{"line":11,"column":37}},"7":{"start":{"line":14,"column":16},"end":{"line":22,"column":1}},"8":{"start":{"line":15,"column":18},"end":{"line":15,"column":37}},"9":{"start":{"line":15,"column":34},"end":{"line":15,"column":36}},"10":{"start":{"line":16,"column":15},"end":{"line":16,"column":39}},"11":{"start":{"line":17,"column":17},"end":{"line":19,"column":66}},"12":{"start":{"line":19,"column":29},"end":{"line":19,"column":62}},"13":{"start":{"line":21,"column":2},"end":{"line":21,"column":16}},"14":{"start":{"line":24,"column":22},"end":{"line":37,"column":1}},"15":{"start":{"line":25,"column":42},"end":{"line":25,"column":79}},"16":{"start":{"line":25,"column":75},"end":{"line":25,"column":78}},"17":{"start":{"line":26,"column":21},"end":{"line":26,"column":55}},"18":{"start":{"line":26,"column":51},"end":{"line":26,"column":54}},"19":{"start":{"line":27,"column":20},"end":{"line":27,"column":39}},"20":{"start":{"line":28,"column":18},"end":{"line":28,"column":43}},"21":{"start":{"line":30,"column":2},"end":{"line":30,"column":46}},"22":{"start":{"line":30,"column":33},"end":{"line":30,"column":46}},"23":{"start":{"line":32,"column":2},"end":{"line":32,"column":27}},"24":{"start":{"line":33,"column":21},"end":{"line":33,"column":40}},"25":{"start":{"line":34,"column":18},"end":{"line":34,"column":44}},"26":{"start":{"line":36,"column":2},"end":{"line":36,"column":36}},"27":{"start":{"line":39,"column":19},"end":{"line":47,"column":1}},"28":{"start":{"line":40,"column":15},"end":{"line":40,"column":31}},"29":{"start":{"line":41,"column":18},"end":{"line":41,"column":42}},"30":{"start":{"line":42,"column":21},"end":{"line":42,"column":42}},"31":{"start":{"line":44,"column":18},"end":{"line":44,"column":52}},"32":{"start":{"line":46,"column":2},"end":{"line":46,"column":17}},"33":{"start":{"line":49,"column":21},"end":{"line":61,"column":1}},"34":{"start":{"line":50,"column":2},"end":{"line":50,"column":46}},"35":{"start":{"line":50,"column":33},"end":{"line":50,"column":46}},"36":{"start":{"line":51,"column":2},"end":{"line":51,"column":33}},"37":{"start":{"line":51,"column":20},"end":{"line":51,"column":33}},"38":{"start":{"line":53,"column":15},"end":{"line":53,"column":36}},"39":{"start":{"line":55,"column":2},"end":{"line":55,"column":39}},"40":{"start":{"line":55,"column":26},"end":{"line":55,"column":39}},"41":{"start":{"line":56,"column":2},"end":{"line":56,"column":52}},"42":{"start":{"line":56,"column":39},"end":{"line":56,"column":52}},"43":{"start":{"line":58,"column":18},"end":{"line":58,"column":34}},"44":{"start":{"line":60,"column":2},"end":{"line":60,"column":17}},"45":{"start":{"line":63,"column":0},"end":{"line":63,"column":34}}},"fnMap":{"0":{"name":"(anonymous_0)","decl":{"start":{"line":1,"column":23},"end":{"line":1,"column":24}},"loc":{"start":{"line":1,"column":37},"end":{"line":3,"column":1}},"line":1},"1":{"name":"(anonymous_1)","decl":{"start":{"line":5,"column":34},"end":{"line":5,"column":35}},"loc":{"start":{"line":5,"column":48},"end":{"line":7,"column":1}},"line":5},"2":{"name":"(anonymous_2)","decl":{"start":{"line":9,"column":23},"end":{"line":9,"column":24}},"loc":{"start":{"line":9,"column":37},"end":{"line":12,"column":1}},"line":9},"3":{"name":"(anonymous_3)","decl":{"start":{"line":14,"column":16},"end":{"line":14,"column":17}},"loc":{"start":{"line":14,"column":25},"end":{"line":22,"column":1}},"line":14},"4":{"name":"(anonymous_4)","decl":{"start":{"line":15,"column":26},"end":{"line":15,"column":27}},"loc":{"start":{"line":15,"column":34},"end":{"line":15,"column":36}},"line":15},"5":{"name":"(anonymous_5)","decl":{"start":{"line":19,"column":12},"end":{"line":19,"column":13}},"loc":{"start":{"line":19,"column":29},"end":{"line":19,"column":62}},"line":19},"6":{"name":"(anonymous_6)","decl":{"start":{"line":24,"column":22},"end":{"line":24,"column":23}},"loc":{"start":{"line":24,"column":47},"end":{"line":37,"column":1}},"line":24},"7":{"name":"(anonymous_7)","decl":{"start":{"line":25,"column":67},"end":{"line":25,"column":68}},"loc":{"start":{"line":25,"column":75},"end":{"line":25,"column":78}},"line":25},"8":{"name":"(anonymous_8)","decl":{"start":{"line":26,"column":43},"end":{"line":26,"column":44}},"loc":{"start":{"line":26,"column":51},"end":{"line":26,"column":54}},"line":26},"9":{"name":"(anonymous_9)","decl":{"start":{"line":39,"column":19},"end":{"line":39,"column":20}},"loc":{"start":{"line":39,"column":30},"end":{"line":47,"column":1}},"line":39},"10":{"name":"(anonymous_10)","decl":{"start":{"line":49,"column":21},"end":{"line":49,"column":22}},"loc":{"start":{"line":49,"column":32},"end":{"line":61,"column":1}},"line":49}},"branchMap":{"0":{"loc":{"start":{"line":6,"column":9},"end":{"line":6,"column":49}},"type":"cond-expr","locations":[{"start":{"line":6,"column":37},"end":{"line":6,"column":41}},{"start":{"line":6,"column":44},"end":{"line":6,"column":49}}],"line":6},"1":{"loc":{"start":{"line":11,"column":9},"end":{"line":11,"column":36}},"type":"cond-expr","locations":[{"start":{"line":11,"column":22},"end":{"line":11,"column":32}},{"start":{"line":11,"column":35},"end":{"line":11,"column":36}}],"line":11},"2":{"loc":{"start":{"line":30,"column":2},"end":{"line":30,"column":46}},"type":"if","locations":[{"start":{"line":30,"column":2},"end":{"line":30,"column":46}},{"start":{"line":30,"column":2},"end":{"line":30,"column":46}}],"line":30},"3":{"loc":{"start":{"line":50,"column":2},"end":{"line":50,"column":46}},"type":"if","locations":[{"start":{"line":50,"column":2},"end":{"line":50,"column":46}},{"start":{"line":50,"column":2},"end":{"line":50,"column":46}}],"line":50},"4":{"loc":{"start":{"line":51,"column":2},"end":{"line":51,"column":33}},"type":"if","locations":[{"start":{"line":51,"column":2},"end":{"line":51,"column":33}},{"start":{"line":51,"column":2},"end":{"line":51,"column":33}}],"line":51},"5":{"loc":{"start":{"line":55,"column":2},"end":{"line":55,"column":39}},"type":"if","locations":[{"start":{"line":55,"column":2},"end":{"line":55,"column":39}},{"start":{"line":55,"column":2},"end":{"line":55,"column":39}}],"line":55},"6":{"loc":{"start":{"line":56,"column":2},"end":{"line":56,"column":52}},"type":"if","locations":[{"start":{"line":56,"column":2},"end":{"line":56,"column":52}},{"start":{"line":56,"column":2},"end":{"line":56,"column":52}}],"line":56}},"s":{"0":1,"1":15,"2":1,"3":12,"4":1,"5":13,"6":13,"7":1,"8":13,"9":161,"10":13,"11":13,"12":161,"13":13,"14":1,"15":8,"16":16,"17":8,"18":96,"19":8,"20":8,"21":8,"22":3,"23":5,"24":5,"25":5,"26":5,"27":1,"28":8,"29":8,"30":8,"31":8,"32":8,"33":1,"34":17,"35":1,"36":16,"37":1,"38":15,"39":15,"40":3,"41":12,"42":4,"43":8,"44":8,"45":1},"f":{"0":15,"1":12,"2":13,"3":13,"4":161,"5":161,"6":8,"7":16,"8":96,"9":8,"10":17},"b":{"0":[4,8],"1":[9,4],"2":[3,5],"3":[1,16],"4":[1,15],"5":[3,12],"6":[4,8]},"_coverageSchema":"1a1c01bbd47fc00a2c39e90264f33305004495a9","hash":"f1a9f018d3f14da15e081c966e42f0260a85e9ce"}
}
