TN:
SF:src/index.js
FN:1,(anonymous_0)
FN:5,(anonymous_1)
FN:9,(anonymous_2)
FN:14,(anonymous_3)
FN:15,(anonymous_4)
FN:19,(anonymous_5)
FN:24,(anonymous_6)
FN:25,(anonymous_7)
FN:26,(anonymous_8)
FN:39,(anonymous_9)
FN:49,(anonymous_10)
FNF:11
FNH:11
FNDA:15,(anonymous_0)
FNDA:12,(anonymous_1)
FNDA:13,(anonymous_2)
FNDA:13,(anonymous_3)
FNDA:161,(anonymous_4)
FNDA:161,(anonymous_5)
FNDA:8,(anonymous_6)
FNDA:16,(anonymous_7)
FNDA:96,(anonymous_8)
FNDA:8,(anonymous_9)
FNDA:17,(anonymous_10)
DA:1,1
DA:2,15
DA:5,1
DA:6,12
DA:9,1
DA:10,13
DA:11,13
DA:14,1
DA:15,161
DA:16,13
DA:17,13
DA:19,161
DA:21,13
DA:24,1
DA:25,16
DA:26,96
DA:27,8
DA:28,8
DA:30,8
DA:32,5
DA:33,5
DA:34,5
DA:36,5
DA:39,1
DA:40,8
DA:41,8
DA:42,8
DA:44,8
DA:46,8
DA:49,1
DA:50,17
DA:51,16
DA:53,15
DA:55,15
DA:56,12
DA:58,8
DA:60,8
DA:63,1
LF:38
LH:38
BRDA:6,0,0,4
BRDA:6,0,1,8
BRDA:11,1,0,9
BRDA:11,1,1,4
BRDA:30,2,0,3
BRDA:30,2,1,5
BRDA:50,3,0,1
BRDA:50,3,1,16
BRDA:51,4,0,1
BRDA:51,4,1,15
BRDA:55,5,0,3
BRDA:55,5,1,12
BRDA:56,6,0,4
BRDA:56,6,1,8
BRF:14
BRH:14
end_of_record
